

*******************************************************************************
Thu Nov 24 19:46:41 2011


FIT:    data read from "h_loc.txt"
        format = z
        #datapoints = 133
        residuals are weighted equally (unit weight)

function used for fitting: f(x)
fitted parameters initialized with current variable values



 Iteration 0
 WSSR        : nan               delta(WSSR)/WSSR   : 0
 delta(WSSR) : nan               limit for stopping : 1e-05
 lambda	  : nan

initial set of free parameter values

a               = 1
b               = 1
c               = 1
d               = 1
e               = 1
i               = 1

After 1 iterations the fit converged.
final sum of squares of residuals : nan
abs. change during last iteration : nan

degrees of freedom    (FIT_NDF)                        : 127
rms of residuals      (FIT_STDFIT) = sqrt(WSSR/ndf)    : nan
variance of residuals (reduced chisquare) = WSSR/ndf   : nan

Final set of parameters            Asymptotic Standard Error
=======================            ==========================

a               = 1                +/- nan          (nan%)
b               = 1                +/- nan          (nan%)
c               = 1                +/- nan          (nan%)
d               = 1                +/- nan          (nan%)
e               = 1                +/- nan          (nan%)
i               = 1                +/- nan          (nan%)


correlation matrix of the fit parameters:

               a      b      c      d      e      i      
a                 nan 
b                 nan    nan 
c                 nan    nan    nan 
d                 nan    nan    nan    nan 
e                 nan    nan    nan    nan    nan 
i                 nan    nan    nan    nan    nan    nan 


*******************************************************************************
Thu Nov 24 19:48:39 2011


FIT:    data read from "h_loc.txt"
        format = z
        #datapoints = 133
        residuals are weighted equally (unit weight)

function used for fitting: f(x)
fitted parameters initialized with current variable values



 Iteration 0
 WSSR        : 3564.57           delta(WSSR)/WSSR   : 0
 delta(WSSR) : 0                 limit for stopping : 1e-05
 lambda	  : 0.281813

initial set of free parameter values

sig             = 1
mu              = 1

After 32 iterations the fit converged.
final sum of squares of residuals : 2244.93
rel. change during last iteration : -3.91847e-07

degrees of freedom    (FIT_NDF)                        : 131
rms of residuals      (FIT_STDFIT) = sqrt(WSSR/ndf)    : 4.13967
variance of residuals (reduced chisquare) = WSSR/ndf   : 17.1369

BREAK:          Singular matrix in Invert_RtR



*******************************************************************************
Thu Nov 24 19:51:41 2011


FIT:    data read from "h_loc.txt" u 1:($2/472)
        format = x:z
        #datapoints = 133
        residuals are weighted equally (unit weight)

function used for fitting: f(x)
fitted parameters initialized with current variable values



 Iteration 0
 WSSR        : 141.761           delta(WSSR)/WSSR   : 0
 delta(WSSR) : 0                 limit for stopping : 1e-05
 lambda	  : 0.00281813

initial set of free parameter values

sig             = 10
mu              = 50

After 3 iterations the fit converged.
final sum of squares of residuals : 131.028
rel. change during last iteration : -7.29372e-06

degrees of freedom    (FIT_NDF)                        : 131
rms of residuals      (FIT_STDFIT) = sqrt(WSSR/ndf)    : 1.00011
variance of residuals (reduced chisquare) = WSSR/ndf   : 1.00022

BREAK:          Singular matrix in Invert_RtR



*******************************************************************************
Thu Nov 24 19:52:07 2011


FIT:    data read from "h_loc.txt" u 1:($2/472)
        format = x:z
        #datapoints = 133
        residuals are weighted equally (unit weight)

function used for fitting: f(x)
fitted parameters initialized with current variable values



 Iteration 0
 WSSR        : 0.0175148         delta(WSSR)/WSSR   : 0
 delta(WSSR) : 0                 limit for stopping : 1e-05
 lambda	  : 2.90051e-09

initial set of free parameter values

sig             = 9856.96
mu              = 50.05

After 21 iterations the fit converged.
final sum of squares of residuals : 0.0100767
rel. change during last iteration : -7.21562e-06

degrees of freedom    (FIT_NDF)                        : 131
rms of residuals      (FIT_STDFIT) = sqrt(WSSR/ndf)    : 0.00877049
variance of residuals (reduced chisquare) = WSSR/ndf   : 7.69215e-05

BREAK:          Singular matrix in Invert_RtR



*******************************************************************************
Thu Nov 24 19:58:43 2011


FIT:    data read from "h_loc.txt" u 1:($2/472)
        format = x:z
        #datapoints = 133
        residuals are weighted equally (unit weight)

function used for fitting: f(x) [:400]
fitted parameters initialized with current variable values



*******************************************************************************
Thu Nov 24 19:58:57 2011


FIT:    data read from "h_loc.txt" u 1:($2/472)
        format = x:z
	y range restricted to [* : 100.000]
        #datapoints = 75
        residuals are weighted equally (unit weight)

function used for fitting: f(x)
fitted parameters initialized with current variable values



 Iteration 0
 WSSR        : 0.0222193         delta(WSSR)/WSSR   : 0
 delta(WSSR) : 0                 limit for stopping : 1e-05
 lambda	  : 0.00432843

initial set of free parameter values

s               = 5
m               = 40

After 10 iterations the fit converged.
final sum of squares of residuals : 0.00376821
rel. change during last iteration : -3.76391e-06

degrees of freedom    (FIT_NDF)                        : 73
rms of residuals      (FIT_STDFIT) = sqrt(WSSR/ndf)    : 0.00718466
variance of residuals (reduced chisquare) = WSSR/ndf   : 5.16193e-05

Final set of parameters            Asymptotic Standard Error
=======================            ==========================

s               = 16.4611          +/- 1.121        (6.807%)
m               = 40.0245          +/- 1.464        (3.657%)


correlation matrix of the fit parameters:

               s      m      
s               1.000 
m              -0.111  1.000 


*******************************************************************************
Sat Feb 18 00:19:35 2012


FIT:    data read from "conn_histo.txt" u 1:3
        format = x:z
        #datapoints = 137
        residuals are weighted equally (unit weight)

function used for fitting: f(x)
fitted parameters initialized with current variable values



 Iteration 0
 WSSR        : 0.185633          delta(WSSR)/WSSR   : 0
 delta(WSSR) : 0                 limit for stopping : 1e-05
 lambda	  : 0.0647068

initial set of free parameter values

a               = 1
b               = 2

After 5 iterations the fit converged.
final sum of squares of residuals : 0.00448068
rel. change during last iteration : -3.28462e-06

degrees of freedom    (FIT_NDF)                        : 135
rms of residuals      (FIT_STDFIT) = sqrt(WSSR/ndf)    : 0.00576109
variance of residuals (reduced chisquare) = WSSR/ndf   : 3.31902e-05

Final set of parameters            Asymptotic Standard Error
=======================            ==========================

a               = 0.582594         +/- 0.005706     (0.9794%)
b               = 1.73151          +/- 0.02961      (1.71%)


correlation matrix of the fit parameters:

               a      b      
a               1.000 
b               0.314  1.000 


*******************************************************************************
Sat Feb 18 00:19:48 2012


FIT:    data read from "conn_histo.txt" u 1:3
        format = x:z
	y range restricted to [5.00000 : *]
        #datapoints = 133
        residuals are weighted equally (unit weight)

function used for fitting: f(x)
fitted parameters initialized with current variable values



 Iteration 0
 WSSR        : 0.00139312        delta(WSSR)/WSSR   : 0
 delta(WSSR) : 0                 limit for stopping : 1e-05
 lambda	  : 0.00921522

initial set of free parameter values

a               = 0.582594
b               = 1.73151

After 4 iterations the fit converged.
final sum of squares of residuals : 9.08695e-06
rel. change during last iteration : -5.78867e-07

degrees of freedom    (FIT_NDF)                        : 131
rms of residuals      (FIT_STDFIT) = sqrt(WSSR/ndf)    : 0.000263374
variance of residuals (reduced chisquare) = WSSR/ndf   : 6.9366e-08

Final set of parameters            Asymptotic Standard Error
=======================            ==========================

a               = 0.241292         +/- 0.01606      (6.658%)
b               = 1.81112          +/- 0.0345       (1.905%)


correlation matrix of the fit parameters:

               a      b      
a               1.000 
b               0.981  1.000 


*******************************************************************************
Sat Feb 18 00:20:14 2012


FIT:    data read from "conn_histo.txt" u 1:3
        format = x:z
	y range restricted to [5.00000 : 100.000]
        #datapoints = 90
        residuals are weighted equally (unit weight)

function used for fitting: f(x)
fitted parameters initialized with current variable values



 Iteration 0
 WSSR        : 9.05758e-06       delta(WSSR)/WSSR   : 0
 delta(WSSR) : 0                 limit for stopping : 1e-05
 lambda	  : 0.00699787

initial set of free parameter values

a               = 0.241292
b               = 1.81112

After 1 iterations the fit converged.
final sum of squares of residuals : 9.05754e-06
rel. change during last iteration : -4.14034e-06

degrees of freedom    (FIT_NDF)                        : 88
rms of residuals      (FIT_STDFIT) = sqrt(WSSR/ndf)    : 0.000320822
variance of residuals (reduced chisquare) = WSSR/ndf   : 1.02927e-07

Final set of parameters            Asymptotic Standard Error
=======================            ==========================

a               = 0.241505         +/- 0.01966      (8.139%)
b               = 1.81161          +/- 0.04219      (2.329%)


correlation matrix of the fit parameters:

               a      b      
a               1.000 
b               0.981  1.000 


*******************************************************************************
Sat Feb 18 00:20:24 2012


FIT:    data read from "conn_histo.txt" u 1:3
        format = x:z
	y range restricted to [5.00000 : 50.0000]
        #datapoints = 46
        residuals are weighted equally (unit weight)

function used for fitting: f(x)
fitted parameters initialized with current variable values



 Iteration 0
 WSSR        : 8.77447e-06       delta(WSSR)/WSSR   : 0
 delta(WSSR) : 0                 limit for stopping : 1e-05
 lambda	  : 0.00976914

initial set of free parameter values

a               = 0.241505
b               = 1.81161

After 3 iterations the fit converged.
final sum of squares of residuals : 8.77225e-06
rel. change during last iteration : -2.1849e-06

degrees of freedom    (FIT_NDF)                        : 44
rms of residuals      (FIT_STDFIT) = sqrt(WSSR/ndf)    : 0.000446508
variance of residuals (reduced chisquare) = WSSR/ndf   : 1.99369e-07

Final set of parameters            Asymptotic Standard Error
=======================            ==========================

a               = 0.244563         +/- 0.0285       (11.65%)
b               = 1.81843          +/- 0.06062      (3.334%)


correlation matrix of the fit parameters:

               a      b      
a               1.000 
b               0.982  1.000 


*******************************************************************************
Sat Feb 18 00:20:41 2012


FIT:    data read from "conn_histo.txt" u 1:3
        format = x:z
	y range restricted to [1.00000 : 50.0000]
        #datapoints = 50
        residuals are weighted equally (unit weight)

function used for fitting: f(x)
fitted parameters initialized with current variable values



 Iteration 0
 WSSR        : 0.135398          delta(WSSR)/WSSR   : 0
 delta(WSSR) : 0                 limit for stopping : 1e-05
 lambda	  : 0.105746

initial set of free parameter values

a               = 0.244563
b               = 1.81843

After 3 iterations the fit converged.
final sum of squares of residuals : 0.00447742
rel. change during last iteration : -4.21944e-07

degrees of freedom    (FIT_NDF)                        : 48
rms of residuals      (FIT_STDFIT) = sqrt(WSSR/ndf)    : 0.00965814
variance of residuals (reduced chisquare) = WSSR/ndf   : 9.32796e-05

Final set of parameters            Asymptotic Standard Error
=======================            ==========================

a               = 0.582566         +/- 0.009566     (1.642%)
b               = 1.73092          +/- 0.04969      (2.871%)


correlation matrix of the fit parameters:

               a      b      
a               1.000 
b               0.314  1.000 


*******************************************************************************
Sat Feb 18 00:20:55 2012


FIT:    data read from "conn_histo.txt" u 1:3
        format = x:z
	y range restricted to [1.00000 : 100.000]
        #datapoints = 94
        residuals are weighted equally (unit weight)

function used for fitting: f(x)
fitted parameters initialized with current variable values



 Iteration 0
 WSSR        : 0.00448045        delta(WSSR)/WSSR   : 0
 delta(WSSR) : 0                 limit for stopping : 1e-05
 lambda	  : 0.0789956

initial set of free parameter values

a               = 0.582566
b               = 1.73092

After 1 iterations the fit converged.
final sum of squares of residuals : 0.00448043
rel. change during last iteration : -3.4341e-06

degrees of freedom    (FIT_NDF)                        : 92
rms of residuals      (FIT_STDFIT) = sqrt(WSSR/ndf)    : 0.00697856
variance of residuals (reduced chisquare) = WSSR/ndf   : 4.87003e-05

Final set of parameters            Asymptotic Standard Error
=======================            ==========================

a               = 0.582588         +/- 0.006912     (1.186%)
b               = 1.73139          +/- 0.03587      (2.072%)


correlation matrix of the fit parameters:

               a      b      
a               1.000 
b               0.314  1.000 


*******************************************************************************
Sat Feb 18 00:25:45 2012


FIT:    data read from "conn_histo.txt" u 1:3
        format = x:z
	y range restricted to [1.00000 : 100.000]
        #datapoints = 94
        residuals are weighted equally (unit weight)

function used for fitting: f(x)
fitted parameters initialized with current variable values



 Iteration 0
 WSSR        : 0.00448043        delta(WSSR)/WSSR   : 0
 delta(WSSR) : 0                 limit for stopping : 1e-05
 lambda	  : 0.0789902

initial set of free parameter values

a               = 0.582588
b               = 1.73139

After 1 iterations the fit converged.
final sum of squares of residuals : 0.00448043
rel. change during last iteration : 0

degrees of freedom    (FIT_NDF)                        : 92
rms of residuals      (FIT_STDFIT) = sqrt(WSSR/ndf)    : 0.00697856
variance of residuals (reduced chisquare) = WSSR/ndf   : 4.87003e-05

Final set of parameters            Asymptotic Standard Error
=======================            ==========================

a               = 0.582588         +/- 0.006912     (1.186%)
b               = 1.73139          +/- 0.03587      (2.072%)


correlation matrix of the fit parameters:

               a      b      
a               1.000 
b               0.314  1.000 


*******************************************************************************
Sat Feb 18 00:27:22 2012


FIT:    data read from "conn_histo.txt" u 1:3
        format = x:z
	y range restricted to [1.00000 : 100.000]
        #datapoints = 94
        residuals are weighted equally (unit weight)

function used for fitting: f(x)
fitted parameters initialized with current variable values



 Iteration 0
 WSSR        : 0.00448043        delta(WSSR)/WSSR   : 0
 delta(WSSR) : 0                 limit for stopping : 1e-05
 lambda	  : 0.0789902

initial set of free parameter values

a               = 0.582588
b               = 1.73139

After 1 iterations the fit converged.
final sum of squares of residuals : 0.00448043
rel. change during last iteration : 0

degrees of freedom    (FIT_NDF)                        : 92
rms of residuals      (FIT_STDFIT) = sqrt(WSSR/ndf)    : 0.00697856
variance of residuals (reduced chisquare) = WSSR/ndf   : 4.87003e-05

Final set of parameters            Asymptotic Standard Error
=======================            ==========================

a               = 0.582588         +/- 0.006912     (1.186%)
b               = 1.73139          +/- 0.03587      (2.072%)


correlation matrix of the fit parameters:

               a      b      
a               1.000 
b               0.314  1.000 


*******************************************************************************
Sat Feb 18 00:30:11 2012


FIT:    data read from "conn_histo.txt" u 1:3
        format = x:z
	y range restricted to [1.00000 : 100.000]
        #datapoints = 94
        residuals are weighted equally (unit weight)

function used for fitting: f(x)
fitted parameters initialized with current variable values



 Iteration 0
 WSSR        : 0.00448043        delta(WSSR)/WSSR   : 0
 delta(WSSR) : 0                 limit for stopping : 1e-05
 lambda	  : 0.0789902

initial set of free parameter values

a               = 0.582588
b               = 1.73139

After 1 iterations the fit converged.
final sum of squares of residuals : 0.00448043
rel. change during last iteration : 0

degrees of freedom    (FIT_NDF)                        : 92
rms of residuals      (FIT_STDFIT) = sqrt(WSSR/ndf)    : 0.00697856
variance of residuals (reduced chisquare) = WSSR/ndf   : 4.87003e-05

Final set of parameters            Asymptotic Standard Error
=======================            ==========================

a               = 0.582588         +/- 0.006912     (1.186%)
b               = 1.73139          +/- 0.03587      (2.072%)


correlation matrix of the fit parameters:

               a      b      
a               1.000 
b               0.314  1.000 


*******************************************************************************
Sat Feb 18 00:30:28 2012


FIT:    data read from "conn_histo.txt" u 1:3
        format = x:z
	y range restricted to [1.00000 : 100.000]
        #datapoints = 94
        residuals are weighted equally (unit weight)

function used for fitting: f(x)
fitted parameters initialized with current variable values



 Iteration 0
 WSSR        : 0.00448043        delta(WSSR)/WSSR   : 0
 delta(WSSR) : 0                 limit for stopping : 1e-05
 lambda	  : 0.0789902

initial set of free parameter values

a               = 0.582588
b               = 1.73139

After 1 iterations the fit converged.
final sum of squares of residuals : 0.00448043
rel. change during last iteration : 0

degrees of freedom    (FIT_NDF)                        : 92
rms of residuals      (FIT_STDFIT) = sqrt(WSSR/ndf)    : 0.00697856
variance of residuals (reduced chisquare) = WSSR/ndf   : 4.87003e-05

Final set of parameters            Asymptotic Standard Error
=======================            ==========================

a               = 0.582588         +/- 0.006912     (1.186%)
b               = 1.73139          +/- 0.03587      (2.072%)


correlation matrix of the fit parameters:

               a      b      
a               1.000 
b               0.314  1.000 


*******************************************************************************
Mon Feb 20 22:05:33 2012


FIT:    data read from "1"
        format = z
        #datapoints = 1000
        residuals are weighted equally (unit weight)

function used for fitting: f(x)
fitted parameters initialized with current variable values



 Iteration 0
 WSSR        : 1.42624e+07       delta(WSSR)/WSSR   : 0
 delta(WSSR) : 0                 limit for stopping : 1e-05
 lambda	  : 2228.48

initial set of free parameter values

a               = 1
b               = 1
c               = 1

After 26 iterations the fit converged.
final sum of squares of residuals : 1.35335e+07
rel. change during last iteration : -9.59925e-06

degrees of freedom    (FIT_NDF)                        : 997
rms of residuals      (FIT_STDFIT) = sqrt(WSSR/ndf)    : 116.508
variance of residuals (reduced chisquare) = WSSR/ndf   : 13574.2

Final set of parameters            Asymptotic Standard Error
=======================            ==========================

a               = 0.357524         +/- 0.1303       (36.43%)
b               = 11.6042          +/- 19.68        (169.6%)
c               = 1.15035          +/- 0.05043      (4.384%)


correlation matrix of the fit parameters:

               a      b      c      
a               1.000 
b              -0.921  1.000 
c              -0.999  0.906  1.000 


*******************************************************************************
Mon Feb 20 22:06:17 2012


FIT:    data read from "1"
        format = z
        #datapoints = 1000
        residuals are weighted equally (unit weight)

function used for fitting: f(x)
fitted parameters initialized with current variable values



 Iteration 0
 WSSR        : 3.34134e+08       delta(WSSR)/WSSR   : 0
 delta(WSSR) : 0                 limit for stopping : 1e-05
 lambda	  : 0.0416515

initial set of free parameter values

a               = 1
b               = 1
c               = -2

After 1 iterations the fit converged.
final sum of squares of residuals : 3.34133e+08
rel. change during last iteration : -2.02404e-06

degrees of freedom    (FIT_NDF)                        : 997
rms of residuals      (FIT_STDFIT) = sqrt(WSSR/ndf)    : 578.912
variance of residuals (reduced chisquare) = WSSR/ndf   : 335139

Final set of parameters            Asymptotic Standard Error
=======================            ==========================

a               = 1.22616          +/- 1.044e+04    (8.517e+05%)
b               = 0.853773         +/- 4645         (5.44e+05%)
c               = -1.72934         +/- 5485         (3.172e+05%)


correlation matrix of the fit parameters:

               a      b      c      
a               1.000 
b               0.999  1.000 
c              -0.974 -0.977  1.000 


*******************************************************************************
Mon Feb 20 22:06:32 2012


FIT:    data read from "1"
        format = z
        #datapoints = 1000
        residuals are weighted equally (unit weight)

function used for fitting: f(x) [10:100]
fitted parameters initialized with current variable values



*******************************************************************************
Mon Feb 20 22:06:38 2012


FIT:    data read from "1"
        format = z
        #datapoints = 1000
        residuals are weighted equally (unit weight)

function used for fitting: f(x) [10:100]
fitted parameters initialized with current variable values



*******************************************************************************
Mon Feb 20 22:06:45 2012


FIT:    data read from "1"
        format = z
	y range restricted to [10.0000 : 100.000]
        #datapoints = 91
        residuals are weighted equally (unit weight)

function used for fitting: f(x)
fitted parameters initialized with current variable values



 Iteration 0
 WSSR        : 583348            delta(WSSR)/WSSR   : 0
 delta(WSSR) : 0                 limit for stopping : 1e-05
 lambda	  : 0.0076708

initial set of free parameter values

a               = 1.22616
b               = 0.853773
c               = -1.72934

After 88 iterations the fit converged.
final sum of squares of residuals : 159459
rel. change during last iteration : -8.97709e-07

degrees of freedom    (FIT_NDF)                        : 88
rms of residuals      (FIT_STDFIT) = sqrt(WSSR/ndf)    : 42.5679
variance of residuals (reduced chisquare) = WSSR/ndf   : 1812.03

Final set of parameters            Asymptotic Standard Error
=======================            ==========================

a               = 162.868          +/- 23.78        (14.6%)
b               = -17.1217         +/- 0.1066       (0.6225%)
c               = -0.292521        +/- 0.04561      (15.59%)


correlation matrix of the fit parameters:

               a      b      c      
a               1.000 
b              -0.129  1.000 
c              -0.889  0.032  1.000 


*******************************************************************************
Mon Feb 20 22:06:46 2012


FIT:    data read from "1"
        format = z
        #datapoints = 1000
        residuals are weighted equally (unit weight)

function used for fitting: f(x) [10:100]
fitted parameters initialized with current variable values



*******************************************************************************
Mon Feb 20 22:07:06 2012


FIT:    data read from "1"
        format = z
	y range restricted to [20.0000 : 100.000]
        #datapoints = 81
        residuals are weighted equally (unit weight)

function used for fitting: f(x)
fitted parameters initialized with current variable values



 Iteration 0
 WSSR        : 64134.9           delta(WSSR)/WSSR   : 0
 delta(WSSR) : 0                 limit for stopping : 1e-05
 lambda	  : 114.737

initial set of free parameter values

a               = 162.868
b               = -17.1217
c               = -0.292521

After 18 iterations the fit converged.
final sum of squares of residuals : 27091.1
rel. change during last iteration : -5.37148e-16

degrees of freedom    (FIT_NDF)                        : 78
rms of residuals      (FIT_STDFIT) = sqrt(WSSR/ndf)    : 18.6366
variance of residuals (reduced chisquare) = WSSR/ndf   : 347.321

Final set of parameters            Asymptotic Standard Error
=======================            ==========================

a               = 165.953          +/- 12.61        (7.601%)
b               = -21.0427         +/- 0.0266       (0.1264%)
c               = -0.411305        +/- 0.02691      (6.543%)


correlation matrix of the fit parameters:

               a      b      c      
a               1.000 
b               0.566  1.000 
c              -0.842 -0.793  1.000 


*******************************************************************************
Mon Feb 20 22:07:37 2012


FIT:    data read from "1"
        format = z
	y range restricted to [20.0000 : 100.000]
        #datapoints = 81
        residuals are weighted equally (unit weight)

function used for fitting: f(x)
fitted parameters initialized with current variable values



 Iteration 0
 WSSR        : 85990.9           delta(WSSR)/WSSR   : 0
 delta(WSSR) : 0                 limit for stopping : 1e-05
 lambda	  : 90.2617

initial set of free parameter values

a               = 165.953
c               = -0.411305

After 84 iterations the fit converged.
final sum of squares of residuals : 6032.69
rel. change during last iteration : -5.43569e-07

degrees of freedom    (FIT_NDF)                        : 79
rms of residuals      (FIT_STDFIT) = sqrt(WSSR/ndf)    : 8.7386
variance of residuals (reduced chisquare) = WSSR/ndf   : 76.3631

Final set of parameters            Asymptotic Standard Error
=======================            ==========================

a               = 17935.7          +/- 2940         (16.39%)
c               = -1.5714          +/- 0.04825      (3.07%)


correlation matrix of the fit parameters:

               a      c      
a               1.000 
c              -0.994  1.000 


*******************************************************************************
Mon Feb 20 22:08:02 2012


FIT:    data read from "1"
        format = z
	y range restricted to [20.0000 : 200.000]
        #datapoints = 181
        residuals are weighted equally (unit weight)

function used for fitting: f(x)
fitted parameters initialized with current variable values



 Iteration 0
 WSSR        : 806242            delta(WSSR)/WSSR   : 0
 delta(WSSR) : 0                 limit for stopping : 1e-05
 lambda	  : 91.5078

initial set of free parameter values

a               = 17935.7
c               = -1.5714

After 2 iterations the fit converged.
final sum of squares of residuals : 801479
rel. change during last iteration : -2.10724e-07

degrees of freedom    (FIT_NDF)                        : 179
rms of residuals      (FIT_STDFIT) = sqrt(WSSR/ndf)    : 66.9144
variance of residuals (reduced chisquare) = WSSR/ndf   : 4477.53

Final set of parameters            Asymptotic Standard Error
=======================            ==========================

a               = 17935.7          +/- 1.661e+04    (92.64%)
c               = -1.53336         +/- 0.2682       (17.49%)


correlation matrix of the fit parameters:

               a      c      
a               1.000 
c              -0.992  1.000 


*******************************************************************************
Mon Feb 20 22:08:09 2012


FIT:    data read from "1"
        format = z
	y range restricted to [30.0000 : 200.000]
        #datapoints = 171
        residuals are weighted equally (unit weight)

function used for fitting: f(x)
fitted parameters initialized with current variable values



 Iteration 0
 WSSR        : 795501            delta(WSSR)/WSSR   : 0
 delta(WSSR) : 0                 limit for stopping : 1e-05
 lambda	  : 77.691

initial set of free parameter values

a               = 17935.7
c               = -1.53336

After 2 iterations the fit converged.
final sum of squares of residuals : 792439
rel. change during last iteration : -2.44993e-07

degrees of freedom    (FIT_NDF)                        : 169
rms of residuals      (FIT_STDFIT) = sqrt(WSSR/ndf)    : 68.4762
variance of residuals (reduced chisquare) = WSSR/ndf   : 4688.99

Final set of parameters            Asymptotic Standard Error
=======================            ==========================

a               = 17935.7          +/- 2.699e+04    (150.5%)
c               = -1.49635         +/- 0.3905       (26.1%)


correlation matrix of the fit parameters:

               a      c      
a               1.000 
c              -0.994  1.000 


*******************************************************************************
Mon Feb 20 22:08:15 2012


FIT:    data read from "1"
        format = z
	y range restricted to [50.0000 : 200.000]
        #datapoints = 151
        residuals are weighted equally (unit weight)

function used for fitting: f(x)
fitted parameters initialized with current variable values



 Iteration 0
 WSSR        : 786481            delta(WSSR)/WSSR   : 0
 delta(WSSR) : 0                 limit for stopping : 1e-05
 lambda	  : 62.5699

initial set of free parameter values

a               = 17935.7
c               = -1.49635

After 3 iterations the fit converged.
final sum of squares of residuals : 779375
rel. change during last iteration : -1.79774e-06

degrees of freedom    (FIT_NDF)                        : 149
rms of residuals      (FIT_STDFIT) = sqrt(WSSR/ndf)    : 72.3236
variance of residuals (reduced chisquare) = WSSR/ndf   : 5230.71

Final set of parameters            Asymptotic Standard Error
=======================            ==========================

a               = 17934.4          +/- 4.789e+04    (267%)
c               = -1.42679         +/- 0.6169       (43.24%)


correlation matrix of the fit parameters:

               a      c      
a               1.000 
c              -0.997  1.000 


*******************************************************************************
Mon Feb 20 22:31:36 2012


FIT:    data read from "network.histolinks.in.txt"
        format = z
	y range restricted to [30.0000 : 200.000]
        #datapoints = 35
        residuals are weighted equally (unit weight)

function used for fitting: f(x)
fitted parameters initialized with current variable values



 Iteration 0
 WSSR        : 37896             delta(WSSR)/WSSR   : 0
 delta(WSSR) : 0                 limit for stopping : 1e-05
 lambda	  : 4.53026e-28

initial set of free parameter values

a               = 17934.4
b               = -21.0427
BREAK:          Undefined value during function evaluation



*******************************************************************************
Mon Feb 20 22:31:45 2012


FIT:    data read from "network.histolinks.in.txt"
        format = z
	y range restricted to [30.0000 : 200.000]
        #datapoints = 35
        residuals are weighted equally (unit weight)

function used for fitting: f(x)
fitted parameters initialized with current variable values

BREAK:          Undefined value during function evaluation



*******************************************************************************
Mon Feb 20 22:31:51 2012


FIT:    data read from "network.histolinks.in.txt"
        format = z
	y range restricted to [30.0000 : 200.000]
        #datapoints = 35
        residuals are weighted equally (unit weight)

function used for fitting: f(x)
fitted parameters initialized with current variable values



 Iteration 0
 WSSR        : 37895             delta(WSSR)/WSSR   : 0
 delta(WSSR) : 0                 limit for stopping : 1e-05
 lambda	  : 0.00130371

initial set of free parameter values

a               = 1
b               = -2

After 96 iterations the fit converged.
final sum of squares of residuals : 209.225
rel. change during last iteration : -1.77066e-10

degrees of freedom    (FIT_NDF)                        : 33
rms of residuals      (FIT_STDFIT) = sqrt(WSSR/ndf)    : 2.51797
variance of residuals (reduced chisquare) = WSSR/ndf   : 6.34016

Final set of parameters            Asymptotic Standard Error
=======================            ==========================

a               = 366.857          +/- 40.75        (11.11%)
b               = -0.597484        +/- 0.02842      (4.757%)


correlation matrix of the fit parameters:

               a      b      
a               1.000 
b              -0.993  1.000 


*******************************************************************************
Mon Feb 20 22:32:18 2012


FIT:    data read from "network.histolinks.out.txt"
        format = z
	y range restricted to [30.0000 : 200.000]
        #datapoints = 57
        residuals are weighted equally (unit weight)

function used for fitting: g(x)
fitted parameters initialized with current variable values



 Iteration 0
 WSSR        : 95428             delta(WSSR)/WSSR   : 0
 delta(WSSR) : 0                 limit for stopping : 1e-05
 lambda	  : 0.00123426

initial set of free parameter values

c               = 1
d               = -2

After 76 iterations the fit converged.
final sum of squares of residuals : 2074.96
rel. change during last iteration : -1.56527e-06

degrees of freedom    (FIT_NDF)                        : 55
rms of residuals      (FIT_STDFIT) = sqrt(WSSR/ndf)    : 6.14219
variance of residuals (reduced chisquare) = WSSR/ndf   : 37.7265

Final set of parameters            Asymptotic Standard Error
=======================            ==========================

c               = 895.946          +/- 147.2        (16.43%)
d               = -0.759735        +/- 0.04235      (5.574%)


correlation matrix of the fit parameters:

               c      d      
c               1.000 
d              -0.992  1.000 


*******************************************************************************
Mon Feb 20 22:33:45 2012


FIT:    data read from "network.histolinks.out.txt"
        format = z
	y range restricted to [30.0000 : 100.000]
        #datapoints = 35
        residuals are weighted equally (unit weight)

function used for fitting: g(x)
fitted parameters initialized with current variable values



 Iteration 0
 WSSR        : 1194.38           delta(WSSR)/WSSR   : 0
 delta(WSSR) : 0                 limit for stopping : 1e-05
 lambda	  : 129.835

initial set of free parameter values

c               = 895.946
d               = -0.759735

After 2 iterations the fit converged.
final sum of squares of residuals : 1176.96
rel. change during last iteration : -2.9418e-06

degrees of freedom    (FIT_NDF)                        : 33
rms of residuals      (FIT_STDFIT) = sqrt(WSSR/ndf)    : 5.97206
variance of residuals (reduced chisquare) = WSSR/ndf   : 35.6655

Final set of parameters            Asymptotic Standard Error
=======================            ==========================

c               = 895.944          +/- 213.7        (23.85%)
d               = -0.75592         +/- 0.06368      (8.424%)


correlation matrix of the fit parameters:

               c      d      
c               1.000 
d              -0.996  1.000 


*******************************************************************************
Mon Feb 20 22:33:53 2012


FIT:    data read from "network.histolinks.in.txt"
        format = z
	y range restricted to [30.0000 : 100.000]
        #datapoints = 24
        residuals are weighted equally (unit weight)

function used for fitting: f(x)
fitted parameters initialized with current variable values



 Iteration 0
 WSSR        : 189.623           delta(WSSR)/WSSR   : 0
 delta(WSSR) : 0                 limit for stopping : 1e-05
 lambda	  : 99.8235

initial set of free parameter values

a               = 366.857
b               = -0.597484

After 2 iterations the fit converged.
final sum of squares of residuals : 189.575
rel. change during last iteration : -1.03313e-07

degrees of freedom    (FIT_NDF)                        : 22
rms of residuals      (FIT_STDFIT) = sqrt(WSSR/ndf)    : 2.93548
variance of residuals (reduced chisquare) = WSSR/ndf   : 8.61707

Final set of parameters            Asymptotic Standard Error
=======================            ==========================

a               = 366.857          +/- 75.33        (20.53%)
b               = -0.597798        +/- 0.05447      (9.111%)


correlation matrix of the fit parameters:

               a      b      
a               1.000 
b              -0.997  1.000 


*******************************************************************************
Mon Feb 20 22:35:27 2012


FIT:    data read from "network.histolinks.in.txt"
        format = z
	y range restricted to [30.0000 : 100.000]
        #datapoints = 24
        residuals are weighted equally (unit weight)

function used for fitting: f(x)
fitted parameters initialized with current variable values



 Iteration 0
 WSSR        : 446257            delta(WSSR)/WSSR   : 0
 delta(WSSR) : 0                 limit for stopping : 1e-05
 lambda	  : 419.477

initial set of free parameter values

a               = 1e+07
b               = -3

After 5 iterations the fit converged.
final sum of squares of residuals : 9190.17
rel. change during last iteration : -4.13408e-06

degrees of freedom    (FIT_NDF)                        : 22
rms of residuals      (FIT_STDFIT) = sqrt(WSSR/ndf)    : 20.4386
variance of residuals (reduced chisquare) = WSSR/ndf   : 417.735

Final set of parameters            Asymptotic Standard Error
=======================            ==========================

a               = 1e+07            +/- 3.677e+07    (367.7%)
b               = -3.46426         +/- 1.048        (30.26%)


correlation matrix of the fit parameters:

               a      b      
a               1.000 
b              -0.999  1.000 


*******************************************************************************
Mon Feb 20 22:35:38 2012


FIT:    data read from "network.histolinks.out.txt"
        format = z
	y range restricted to [30.0000 : 100.000]
        #datapoints = 35
        residuals are weighted equally (unit weight)

function used for fitting: g(x)
fitted parameters initialized with current variable values



 Iteration 0
 WSSR        : 634074            delta(WSSR)/WSSR   : 0
 delta(WSSR) : 0                 limit for stopping : 1e-05
 lambda	  : 432.006

initial set of free parameter values

c               = 1e+07
d               = -3

After 5 iterations the fit converged.
final sum of squares of residuals : 27133.8
rel. change during last iteration : -3.18714e-07

degrees of freedom    (FIT_NDF)                        : 33
rms of residuals      (FIT_STDFIT) = sqrt(WSSR/ndf)    : 28.6746
variance of residuals (reduced chisquare) = WSSR/ndf   : 822.235

Final set of parameters            Asymptotic Standard Error
=======================            ==========================

c               = 1e+07            +/- 3.317e+07    (331.7%)
d               = -3.40514         +/- 0.9535       (28%)


correlation matrix of the fit parameters:

               c      d      
c               1.000 
d              -0.999  1.000 


*******************************************************************************
Mon Feb 20 22:37:03 2012


FIT:    data read from "network.histolinks.out.txt"
        format = z
	y range restricted to [20.0000 : 110.000]
        #datapoints = 49
        residuals are weighted equally (unit weight)

function used for fitting: g(x)
fitted parameters initialized with current variable values



 Iteration 0
 WSSR        : 479459            delta(WSSR)/WSSR   : 0
 delta(WSSR) : 0                 limit for stopping : 1e-05
 lambda	  : 294.872

initial set of free parameter values

c               = 1e+07
d               = -3.40514

After 5 iterations the fit converged.
final sum of squares of residuals : 70032.6
rel. change during last iteration : -4.78811e-09

degrees of freedom    (FIT_NDF)                        : 47
rms of residuals      (FIT_STDFIT) = sqrt(WSSR/ndf)    : 38.6012
variance of residuals (reduced chisquare) = WSSR/ndf   : 1490.06

Final set of parameters            Asymptotic Standard Error
=======================            ==========================

c               = 1e+07            +/- 2.994e+07    (299.4%)
d               = -3.77844         +/- 0.9733       (25.76%)


correlation matrix of the fit parameters:

               c      d      
c               1.000 
d              -0.999  1.000 


*******************************************************************************
Mon Feb 20 22:37:17 2012


FIT:    data read from "network.histolinks.out.txt"
        format = z
	y range restricted to [40.0000 : 110.000]
        #datapoints = 25
        residuals are weighted equally (unit weight)

function used for fitting: g(x)
fitted parameters initialized with current variable values



 Iteration 0
 WSSR        : 40642.5           delta(WSSR)/WSSR   : 0
 delta(WSSR) : 0                 limit for stopping : 1e-05
 lambda	  : 11.3384

initial set of free parameter values

c               = 1e+07
d               = -3.77844

After 5 iterations the fit converged.
final sum of squares of residuals : 11473.5
rel. change during last iteration : 0

degrees of freedom    (FIT_NDF)                        : 23
rms of residuals      (FIT_STDFIT) = sqrt(WSSR/ndf)    : 22.3349
variance of residuals (reduced chisquare) = WSSR/ndf   : 498.848

Final set of parameters            Asymptotic Standard Error
=======================            ==========================

c               = 1e+07            +/- 3.143e+07    (314.3%)
d               = -3.19291         +/- 0.8366       (26.2%)


correlation matrix of the fit parameters:

               c      d      
c               1.000 
d              -0.999  1.000 


*******************************************************************************
Mon Feb 20 22:37:51 2012


FIT:    data read from "network.histolinks.in.txt"
        format = z
	y range restricted to [40.0000 : 110.000]
        #datapoints = 18
        residuals are weighted equally (unit weight)

function used for fitting: f(x)
fitted parameters initialized with current variable values



 Iteration 0
 WSSR        : 8832.88           delta(WSSR)/WSSR   : 0
 delta(WSSR) : 0                 limit for stopping : 1e-05
 lambda	  : 35.9823

initial set of free parameter values

a               = 1e+07
b               = -3.46426

After 4 iterations the fit converged.
final sum of squares of residuals : 5013.32
rel. change during last iteration : -5.88345e-06

degrees of freedom    (FIT_NDF)                        : 16
rms of residuals      (FIT_STDFIT) = sqrt(WSSR/ndf)    : 17.7012
variance of residuals (reduced chisquare) = WSSR/ndf   : 313.333

Final set of parameters            Asymptotic Standard Error
=======================            ==========================

a               = 1e+07            +/- 4.232e+07    (423.2%)
b               = -3.26954         +/- 1.125        (34.4%)


correlation matrix of the fit parameters:

               a      b      
a               1.000 
b              -0.999  1.000 


*******************************************************************************
Mon Feb 20 22:39:27 2012


FIT:    data read from "network.histolinks.in.txt"
        format = z
	y range restricted to [40.0000 : 110.000]
        #datapoints = 18
        residuals are weighted equally (unit weight)

function used for fitting: f(x)
fitted parameters initialized with current variable values



 Iteration 0
 WSSR        : 5013.32           delta(WSSR)/WSSR   : 0
 delta(WSSR) : 0                 limit for stopping : 1e-05
 lambda	  : 75.281

initial set of free parameter values

a               = 1e+07
b               = -3.26954

After 1 iterations the fit converged.
final sum of squares of residuals : 5013.32
rel. change during last iteration : 0

degrees of freedom    (FIT_NDF)                        : 16
rms of residuals      (FIT_STDFIT) = sqrt(WSSR/ndf)    : 17.7012
variance of residuals (reduced chisquare) = WSSR/ndf   : 313.333

Final set of parameters            Asymptotic Standard Error
=======================            ==========================

a               = 1e+07            +/- 4.232e+07    (423.2%)
b               = -3.26954         +/- 1.125        (34.4%)


correlation matrix of the fit parameters:

               a      b      
a               1.000 
b              -0.999  1.000 


*******************************************************************************
Mon Feb 20 22:39:40 2012


FIT:    data read from "network.histolinks.in.txt"
        format = z
	y range restricted to [25.0000 : 110.000]
        #datapoints = 31
        residuals are weighted equally (unit weight)

function used for fitting: f(x)
fitted parameters initialized with current variable values



 Iteration 0
 WSSR        : 186858            delta(WSSR)/WSSR   : 0
 delta(WSSR) : 0                 limit for stopping : 1e-05
 lambda	  : 252.006

initial set of free parameter values

a               = 1e+07
b               = -3.26954

After 5 iterations the fit converged.
final sum of squares of residuals : 17221.6
rel. change during last iteration : -2.36463e-09

degrees of freedom    (FIT_NDF)                        : 29
rms of residuals      (FIT_STDFIT) = sqrt(WSSR/ndf)    : 24.369
variance of residuals (reduced chisquare) = WSSR/ndf   : 593.848

Final set of parameters            Asymptotic Standard Error
=======================            ==========================

a               = 1e+07            +/- 3.427e+07    (342.7%)
b               = -3.62657         +/- 1.035        (28.55%)


correlation matrix of the fit parameters:

               a      b      
a               1.000 
b              -0.999  1.000 


*******************************************************************************
Mon Feb 20 22:41:50 2012


FIT:    data read from "network.histolinks.in.txt"
        format = z
	y range restricted to [10.0000 : 110.000]
        #datapoints = 56
        residuals are weighted equally (unit weight)

function used for fitting: f(x)
fitted parameters initialized with current variable values



 Iteration 0
 WSSR        : 3.54244e+07       delta(WSSR)/WSSR   : 0
 delta(WSSR) : 0                 limit for stopping : 1e-05
 lambda	  : 1415.59

initial set of free parameter values

a               = 1e+07
b               = -3.62657

After 7 iterations the fit converged.
final sum of squares of residuals : 87720.5
rel. change during last iteration : -5.04442e-07

degrees of freedom    (FIT_NDF)                        : 54
rms of residuals      (FIT_STDFIT) = sqrt(WSSR/ndf)    : 40.3045
variance of residuals (reduced chisquare) = WSSR/ndf   : 1624.45

Final set of parameters            Asymptotic Standard Error
=======================            ==========================

a               = 9.99989e+06      +/- 3.538e+07    (353.8%)
b               = -4.9165          +/- 1.496        (30.43%)


correlation matrix of the fit parameters:

               a      b      
a               1.000 
b              -0.999  1.000 


*******************************************************************************
Mon Feb 20 22:42:41 2012


FIT:    data read from "network.histolinks.in.txt"
        format = z
	y range restricted to [10.0000 : 110.000]
        #datapoints = 56
        residuals are weighted equally (unit weight)

function used for fitting: f(x)
fitted parameters initialized with current variable values



 Iteration 0
 WSSR        : 1.06912e+11       delta(WSSR)/WSSR   : 0
 delta(WSSR) : 0                 limit for stopping : 1e-05
 lambda	  : 76584.5

initial set of free parameter values

a               = 9.99989e+06
b               = -2

After 169 iterations the fit converged.
final sum of squares of residuals : 2372.06
rel. change during last iteration : -8.00716e-10

degrees of freedom    (FIT_NDF)                        : 54
rms of residuals      (FIT_STDFIT) = sqrt(WSSR/ndf)    : 6.62775
variance of residuals (reduced chisquare) = WSSR/ndf   : 43.927

Final set of parameters            Asymptotic Standard Error
=======================            ==========================

a               = 228.606          +/- 19.08        (8.346%)
b               = -0.470169        +/- 0.02841      (6.042%)


correlation matrix of the fit parameters:

               a      b      
a               1.000 
b              -0.980  1.000 


*******************************************************************************
Mon Feb 20 22:45:09 2012


FIT:    data read from "network.histolinks.in.txt"
        format = z
	y range restricted to [10.0000 : 110.000]
        #datapoints = 56
        residuals are weighted equally (unit weight)

function used for fitting: f(x)
fitted parameters initialized with current variable values



 Iteration 0
 WSSR        : 8.54929e+07       delta(WSSR)/WSSR   : 0
 delta(WSSR) : 0                 limit for stopping : 1e-05
 lambda	  : 2209.29

initial set of free parameter values

a               = 1e+06
b               = -2.5

After 165 iterations the fit converged.
final sum of squares of residuals : 2372.06
rel. change during last iteration : -1.35825e-06

degrees of freedom    (FIT_NDF)                        : 54
rms of residuals      (FIT_STDFIT) = sqrt(WSSR/ndf)    : 6.62775
variance of residuals (reduced chisquare) = WSSR/ndf   : 43.927

Final set of parameters            Asymptotic Standard Error
=======================            ==========================

a               = 228.604          +/- 19.08        (8.346%)
b               = -0.470166        +/- 0.02841      (6.042%)


correlation matrix of the fit parameters:

               a      b      
a               1.000 
b              -0.980  1.000 


*******************************************************************************
Mon Feb 20 22:45:36 2012


FIT:    data read from "network.histolinks.in.txt"
        format = z
	y range restricted to [10.0000 : 70.0000]
        #datapoints = 50
        residuals are weighted equally (unit weight)

function used for fitting: f(x)
fitted parameters initialized with current variable values



 Iteration 0
 WSSR        : 2314.23           delta(WSSR)/WSSR   : 0
 delta(WSSR) : 0                 limit for stopping : 1e-05
 lambda	  : 114.662

initial set of free parameter values

a               = 228.604
b               = -0.470166

After 2 iterations the fit converged.
final sum of squares of residuals : 2312.73
rel. change during last iteration : -3.43655e-06

degrees of freedom    (FIT_NDF)                        : 48
rms of residuals      (FIT_STDFIT) = sqrt(WSSR/ndf)    : 6.94131
variance of residuals (reduced chisquare) = WSSR/ndf   : 48.1818

Final set of parameters            Asymptotic Standard Error
=======================            ==========================

a               = 228.598          +/- 22.11        (9.674%)
b               = -0.469094        +/- 0.03357      (7.157%)


correlation matrix of the fit parameters:

               a      b      
a               1.000 
b              -0.984  1.000 


*******************************************************************************
Mon Feb 20 22:45:41 2012


FIT:    data read from "network.histolinks.in.txt"
        format = z
	y range restricted to [20.0000 : 70.0000]
        #datapoints = 27
        residuals are weighted equally (unit weight)

function used for fitting: f(x)
fitted parameters initialized with current variable values



 Iteration 0
 WSSR        : 383.176           delta(WSSR)/WSSR   : 0
 delta(WSSR) : 0                 limit for stopping : 1e-05
 lambda	  : 106.611

initial set of free parameter values

a               = 228.598
b               = -0.469094

After 8 iterations the fit converged.
final sum of squares of residuals : 314.402
rel. change during last iteration : -1.3557e-07

degrees of freedom    (FIT_NDF)                        : 25
rms of residuals      (FIT_STDFIT) = sqrt(WSSR/ndf)    : 3.54628
variance of residuals (reduced chisquare) = WSSR/ndf   : 12.5761

Final set of parameters            Asymptotic Standard Error
=======================            ==========================

a               = 344.917          +/- 63.12        (18.3%)
b               = -0.582117        +/- 0.05186      (8.909%)


correlation matrix of the fit parameters:

               a      b      
a               1.000 
b              -0.996  1.000 


*******************************************************************************
Mon Feb 20 22:45:52 2012


FIT:    data read from "network.histolinks.in.txt"
        format = z
	y range restricted to [30.0000 : 70.0000]
        #datapoints = 20
        residuals are weighted equally (unit weight)

function used for fitting: f(x)
fitted parameters initialized with current variable values



 Iteration 0
 WSSR        : 158.729           delta(WSSR)/WSSR   : 0
 delta(WSSR) : 0                 limit for stopping : 1e-05
 lambda	  : 102.394

initial set of free parameter values

a               = 344.917
b               = -0.582117

After 2 iterations the fit converged.
final sum of squares of residuals : 158.7
rel. change during last iteration : -5.37891e-07

degrees of freedom    (FIT_NDF)                        : 18
rms of residuals      (FIT_STDFIT) = sqrt(WSSR/ndf)    : 2.96929
variance of residuals (reduced chisquare) = WSSR/ndf   : 8.81666

Final set of parameters            Asymptotic Standard Error
=======================            ==========================

a               = 344.918          +/- 90.85        (26.34%)
b               = -0.581856        +/- 0.07096      (12.2%)


correlation matrix of the fit parameters:

               a      b      
a               1.000 
b              -0.998  1.000 


*******************************************************************************
Mon Feb 20 22:46:02 2012


FIT:    data read from "network.histolinks.in.txt"
        format = z
	y range restricted to [50.0000 : 70.0000]
        #datapoints = 7
        residuals are weighted equally (unit weight)

function used for fitting: f(x)
fitted parameters initialized with current variable values



 Iteration 0
 WSSR        : 19.5938           delta(WSSR)/WSSR   : 0
 delta(WSSR) : 0                 limit for stopping : 1e-05
 lambda	  : 92.1732

initial set of free parameter values

a               = 344.918
b               = -0.581856

After 3 iterations the fit converged.
final sum of squares of residuals : 17.9859
rel. change during last iteration : -1.03119e-08

degrees of freedom    (FIT_NDF)                        : 5
rms of residuals      (FIT_STDFIT) = sqrt(WSSR/ndf)    : 1.89662
variance of residuals (reduced chisquare) = WSSR/ndf   : 3.59718

Final set of parameters            Asymptotic Standard Error
=======================            ==========================

a               = 344.917          +/- 279.2        (80.95%)
b               = -0.585556        +/- 0.1986       (33.91%)


correlation matrix of the fit parameters:

               a      b      
a               1.000 
b              -1.000  1.000 


*******************************************************************************
Mon Feb 20 22:46:09 2012


FIT:    data read from "network.histolinks.in.txt"
        format = z
	y range restricted to [50.0000 : 80.0000]
        #datapoints = 10
        residuals are weighted equally (unit weight)

function used for fitting: f(x)
fitted parameters initialized with current variable values



 Iteration 0
 WSSR        : 51.5864           delta(WSSR)/WSSR   : 0
 delta(WSSR) : 0                 limit for stopping : 1e-05
 lambda	  : 88.9449

initial set of free parameter values

a               = 344.917
b               = -0.585556

After 3 iterations the fit converged.
final sum of squares of residuals : 51.0315
rel. change during last iteration : -5.0351e-06

degrees of freedom    (FIT_NDF)                        : 8
rms of residuals      (FIT_STDFIT) = sqrt(WSSR/ndf)    : 2.52565
variance of residuals (reduced chisquare) = WSSR/ndf   : 6.37893

Final set of parameters            Asymptotic Standard Error
=======================            ==========================

a               = 344.905          +/- 269.4        (78.12%)
b               = -0.583684        +/- 0.1891       (32.39%)


correlation matrix of the fit parameters:

               a      b      
a               1.000 
b              -0.999  1.000 


*******************************************************************************
Mon Feb 20 22:46:33 2012


FIT:    data read from "network.histolinks.in.txt"
        format = z
	y range restricted to [20.0000 : 60.0000]
        #datapoints = 24
        residuals are weighted equally (unit weight)

function used for fitting: f(x)
fitted parameters initialized with current variable values



 Iteration 0
 WSSR        : 305.919           delta(WSSR)/WSSR   : 0
 delta(WSSR) : 0                 limit for stopping : 1e-05
 lambda	  : 108.739

initial set of free parameter values

a               = 344.905
b               = -0.583684

After 2 iterations the fit converged.
final sum of squares of residuals : 304.644
rel. change during last iteration : -1.16348e-06

degrees of freedom    (FIT_NDF)                        : 22
rms of residuals      (FIT_STDFIT) = sqrt(WSSR/ndf)    : 3.72122
variance of residuals (reduced chisquare) = WSSR/ndf   : 13.8474

Final set of parameters            Asymptotic Standard Error
=======================            ==========================

a               = 344.905          +/- 77.24        (22.39%)
b               = -0.58219         +/- 0.06422      (11.03%)


correlation matrix of the fit parameters:

               a      b      
a               1.000 
b              -0.997  1.000 


*******************************************************************************
Mon Feb 20 22:46:51 2012


FIT:    data read from "network.histolinks.out.txt"
        format = z
	y range restricted to [40.0000 : 110.000]
        #datapoints = 25
        residuals are weighted equally (unit weight)

function used for fitting: g(x)
fitted parameters initialized with current variable values



 Iteration 0
 WSSR        : 11473.5           delta(WSSR)/WSSR   : 0
 delta(WSSR) : 0                 limit for stopping : 1e-05
 lambda	  : 103.581

initial set of free parameter values

c               = 1e+07
d               = -3.19291

After 1 iterations the fit converged.
final sum of squares of residuals : 11473.5
rel. change during last iteration : 0

degrees of freedom    (FIT_NDF)                        : 23
rms of residuals      (FIT_STDFIT) = sqrt(WSSR/ndf)    : 22.3349
variance of residuals (reduced chisquare) = WSSR/ndf   : 498.848

Final set of parameters            Asymptotic Standard Error
=======================            ==========================

c               = 1e+07            +/- 3.143e+07    (314.3%)
d               = -3.19291         +/- 0.8366       (26.2%)


correlation matrix of the fit parameters:

               c      d      
c               1.000 
d              -0.999  1.000 


*******************************************************************************
Mon Feb 20 22:47:17 2012


FIT:    data read from "network.histolinks.out.txt"
        format = z
	y range restricted to [70.0000 : 110.000]
        #datapoints = 8
        residuals are weighted equally (unit weight)

function used for fitting: g(x)
fitted parameters initialized with current variable values



 Iteration 0
 WSSR        : 5638.36           delta(WSSR)/WSSR   : 0
 delta(WSSR) : 0                 limit for stopping : 1e-05
 lambda	  : 24.0565

initial set of free parameter values

c               = 1e+07
d               = -3.19291

After 6 iterations the fit converged.
final sum of squares of residuals : 312.142
rel. change during last iteration : -2.05832e-10

degrees of freedom    (FIT_NDF)                        : 6
rms of residuals      (FIT_STDFIT) = sqrt(WSSR/ndf)    : 7.21274
variance of residuals (reduced chisquare) = WSSR/ndf   : 52.0237

Final set of parameters            Asymptotic Standard Error
=======================            ==========================

c               = 1e+07            +/- 3.637e+07    (363.7%)
d               = -2.85959         +/- 0.8349       (29.2%)


correlation matrix of the fit parameters:

               c      d      
c               1.000 
d              -1.000  1.000 


*******************************************************************************
Mon Feb 20 22:47:32 2012


FIT:    data read from "network.histolinks.in.txt"
        format = z
	y range restricted to [70.0000 : 100.000]
        #datapoints = 4
        residuals are weighted equally (unit weight)

function used for fitting: f(x)
fitted parameters initialized with current variable values



 Iteration 0
 WSSR        : 32.143            delta(WSSR)/WSSR   : 0
 delta(WSSR) : 0                 limit for stopping : 1e-05
 lambda	  : 83.6435

initial set of free parameter values

a               = 344.905
b               = -0.58219

After 3 iterations the fit converged.
final sum of squares of residuals : 31.5671
rel. change during last iteration : -2.18074e-07

degrees of freedom    (FIT_NDF)                        : 2
rms of residuals      (FIT_STDFIT) = sqrt(WSSR/ndf)    : 3.97285
variance of residuals (reduced chisquare) = WSSR/ndf   : 15.7835

Final set of parameters            Asymptotic Standard Error
=======================            ==========================

a               = 344.902          +/- 907.6        (263.1%)
b               = -0.579007        +/- 0.6048       (104.4%)


correlation matrix of the fit parameters:

               a      b      
a               1.000 
b              -1.000  1.000 


*******************************************************************************
Mon Feb 20 22:48:40 2012


FIT:    data read from "network.histolinks.in.txt"
        format = z
	y range restricted to [70.0000 : 100.000]
        #datapoints = 4
        residuals are weighted equally (unit weight)

function used for fitting: f(x)
fitted parameters initialized with current variable values



 Iteration 0
 WSSR        : 31.5671           delta(WSSR)/WSSR   : 0
 delta(WSSR) : 0                 limit for stopping : 1e-05
 lambda	  : 84.813

initial set of free parameter values

a               = 344.902
b               = -0.579007

After 1 iterations the fit converged.
final sum of squares of residuals : 31.5671
rel. change during last iteration : -2.09939e-11

degrees of freedom    (FIT_NDF)                        : 2
rms of residuals      (FIT_STDFIT) = sqrt(WSSR/ndf)    : 3.97285
variance of residuals (reduced chisquare) = WSSR/ndf   : 15.7835

Final set of parameters            Asymptotic Standard Error
=======================            ==========================

a               = 344.902          +/- 907.6        (263.1%)
b               = -0.579007        +/- 0.6048       (104.4%)


correlation matrix of the fit parameters:

               a      b      
a               1.000 
b              -1.000  1.000 


*******************************************************************************
Mon Feb 20 22:48:49 2012


FIT:    data read from "network.histolinks.out.txt"
        format = z
	y range restricted to [70.0000 : 110.000]
        #datapoints = 8
        residuals are weighted equally (unit weight)

function used for fitting: g(x)
fitted parameters initialized with current variable values



 Iteration 0
 WSSR        : 312.142           delta(WSSR)/WSSR   : 0
 delta(WSSR) : 0                 limit for stopping : 1e-05
 lambda	  : 103.795

initial set of free parameter values

c               = 1e+07
d               = -2.85959

After 1 iterations the fit converged.
final sum of squares of residuals : 312.142
rel. change during last iteration : -4.4614e-10

degrees of freedom    (FIT_NDF)                        : 6
rms of residuals      (FIT_STDFIT) = sqrt(WSSR/ndf)    : 7.21274
variance of residuals (reduced chisquare) = WSSR/ndf   : 52.0237

Final set of parameters            Asymptotic Standard Error
=======================            ==========================

c               = 1e+07            +/- 3.637e+07    (363.7%)
d               = -2.85959         +/- 0.8349       (29.2%)


correlation matrix of the fit parameters:

               c      d      
c               1.000 
d              -1.000  1.000 


*******************************************************************************
Mon Feb 20 22:51:08 2012


FIT:    data read from "network.histolinks.in.txt"
        format = z
	y range restricted to [20.0000 : 100.000]
        #datapoints = 31
        residuals are weighted equally (unit weight)

function used for fitting: f(x)
fitted parameters initialized with current variable values



 Iteration 0
 WSSR        : 352.008           delta(WSSR)/WSSR   : 0
 delta(WSSR) : 0                 limit for stopping : 1e-05
 lambda	  : 105.685

initial set of free parameter values

a               = 344.902
b               = -0.579007

After 2 iterations the fit converged.
final sum of squares of residuals : 346.47
rel. change during last iteration : -6.36631e-06

degrees of freedom    (FIT_NDF)                        : 29
rms of residuals      (FIT_STDFIT) = sqrt(WSSR/ndf)    : 3.45648
variance of residuals (reduced chisquare) = WSSR/ndf   : 11.9473

Final set of parameters            Asymptotic Standard Error
=======================            ==========================

a               = 344.902          +/- 52.25        (15.15%)
b               = -0.581846        +/- 0.04231      (7.272%)


correlation matrix of the fit parameters:

               a      b      
a               1.000 
b              -0.995  1.000 


*******************************************************************************
Mon Feb 20 22:51:33 2012


FIT:    data read from "network.histolinks.in.txt"
        format = z
	y range restricted to [70.0000 : 100.000]
        #datapoints = 4
        residuals are weighted equally (unit weight)

function used for fitting: f(x)
fitted parameters initialized with current variable values



 Iteration 0
 WSSR        : 32.0265           delta(WSSR)/WSSR   : 0
 delta(WSSR) : 0                 limit for stopping : 1e-05
 lambda	  : 83.7685

initial set of free parameter values

a               = 344.902
b               = -0.581846

After 3 iterations the fit converged.
final sum of squares of residuals : 31.567
rel. change during last iteration : -2.17393e-07

degrees of freedom    (FIT_NDF)                        : 2
rms of residuals      (FIT_STDFIT) = sqrt(WSSR/ndf)    : 3.97285
variance of residuals (reduced chisquare) = WSSR/ndf   : 15.7835

Final set of parameters            Asymptotic Standard Error
=======================            ==========================

a               = 344.9            +/- 907.6        (263.1%)
b               = -0.579005        +/- 0.6048       (104.4%)


correlation matrix of the fit parameters:

               a      b      
a               1.000 
b              -1.000  1.000 


*******************************************************************************
Mon Feb 20 22:51:41 2012


FIT:    data read from "network.histolinks.in.txt"
        format = z
	y range restricted to [70.0000 : 100.000]
        #datapoints = 4
        residuals are weighted equally (unit weight)

function used for fitting: f(x)
fitted parameters initialized with current variable values



 Iteration 0
 WSSR        : 3069.83           delta(WSSR)/WSSR   : 0
 delta(WSSR) : 0                 limit for stopping : 1e-05
 lambda	  : 0.00234433

initial set of free parameter values

a               = 344.9
b               = -3

After 43 iterations the fit converged.
final sum of squares of residuals : 31.4445
rel. change during last iteration : -8.54862e-08

degrees of freedom    (FIT_NDF)                        : 2
rms of residuals      (FIT_STDFIT) = sqrt(WSSR/ndf)    : 3.96513
variance of residuals (reduced chisquare) = WSSR/ndf   : 15.7222

Final set of parameters            Asymptotic Standard Error
=======================            ==========================

a               = 274.577          +/- 715.2        (260.5%)
b               = -0.526691        +/- 0.5983       (113.6%)


correlation matrix of the fit parameters:

               a      b      
a               1.000 
b              -1.000  1.000 


*******************************************************************************
Mon Feb 20 22:51:46 2012


FIT:    data read from "network.histolinks.in.txt"
        format = z
	y range restricted to [70.0000 : 100.000]
        #datapoints = 4
        residuals are weighted equally (unit weight)

function used for fitting: f(x)
fitted parameters initialized with current variable values



 Iteration 0
 WSSR        : 3070              delta(WSSR)/WSSR   : 0
 delta(WSSR) : 0                 limit for stopping : 1e-05
 lambda	  : 4.61938e-09

initial set of free parameter values

a               = 274.577
b               = -6

After 6 iterations the fit converged.
final sum of squares of residuals : 31.4445
rel. change during last iteration : -4.90993e-06

degrees of freedom    (FIT_NDF)                        : 2
rms of residuals      (FIT_STDFIT) = sqrt(WSSR/ndf)    : 3.96513
variance of residuals (reduced chisquare) = WSSR/ndf   : 15.7222

Final set of parameters            Asymptotic Standard Error
=======================            ==========================

a               = 274.577          +/- 715.2        (260.5%)
b               = -0.526692        +/- 0.5983       (113.6%)


correlation matrix of the fit parameters:

               a      b      
a               1.000 
b              -1.000  1.000 


*******************************************************************************
Mon Feb 20 22:52:01 2012


FIT:    data read from "network.histolinks.in.txt"
        format = z
	y range restricted to [70.0000 : 100.000]
        #datapoints = 4
        residuals are weighted equally (unit weight)

function used for fitting: f(x)
fitted parameters initialized with current variable values



 Iteration 0
 WSSR        : 3068.86           delta(WSSR)/WSSR   : 0
 delta(WSSR) : 0                 limit for stopping : 1e-05
 lambda	  : 0.0168236

initial set of free parameter values

a               = 1e+09
b               = -6

After 24 iterations the fit converged.
final sum of squares of residuals : 311.22
rel. change during last iteration : -7.08976e-06

degrees of freedom    (FIT_NDF)                        : 2
rms of residuals      (FIT_STDFIT) = sqrt(WSSR/ndf)    : 12.4744
variance of residuals (reduced chisquare) = WSSR/ndf   : 155.61

Final set of parameters            Asymptotic Standard Error
=======================            ==========================

a               = 1e+09            +/- 1.774e+10    (1774%)
b               = -4.0321          +/- 4.16         (103.2%)


correlation matrix of the fit parameters:

               a      b      
a               1.000 
b              -1.000  1.000 


*******************************************************************************
Mon Feb 20 22:52:53 2012


FIT:    data read from "network.histolinks.in.txt"
        format = z
	y range restricted to [70.0000 : 100.000]
        #datapoints = 4
        residuals are weighted equally (unit weight)

function used for fitting: f(x)
fitted parameters initialized with current variable values



 Iteration 0
 WSSR        : 311.22            delta(WSSR)/WSSR   : 0
 delta(WSSR) : 0                 limit for stopping : 1e-05
 lambda	  : 79.5383

initial set of free parameter values

a               = 1e+09
b               = -4.0321

After 1 iterations the fit converged.
final sum of squares of residuals : 311.22
rel. change during last iteration : -2.2374e-09

degrees of freedom    (FIT_NDF)                        : 2
rms of residuals      (FIT_STDFIT) = sqrt(WSSR/ndf)    : 12.4744
variance of residuals (reduced chisquare) = WSSR/ndf   : 155.61

Final set of parameters            Asymptotic Standard Error
=======================            ==========================

a               = 1e+09            +/- 1.774e+10    (1774%)
b               = -4.0321          +/- 4.16         (103.2%)


correlation matrix of the fit parameters:

               a      b      
a               1.000 
b              -1.000  1.000 


*******************************************************************************
Mon Feb 20 22:52:57 2012


FIT:    data read from "network.histolinks.in.txt"
        format = z
	y range restricted to [40.0000 : 100.000]
        #datapoints = 16
        residuals are weighted equally (unit weight)

function used for fitting: f(x)
fitted parameters initialized with current variable values



 Iteration 0
 WSSR        : 324897            delta(WSSR)/WSSR   : 0
 delta(WSSR) : 0                 limit for stopping : 1e-05
 lambda	  : 446.584

initial set of free parameter values

a               = 1e+09
b               = -4.0321

After 6 iterations the fit converged.
final sum of squares of residuals : 6126.86
rel. change during last iteration : 0

degrees of freedom    (FIT_NDF)                        : 14
rms of residuals      (FIT_STDFIT) = sqrt(WSSR/ndf)    : 20.9197
variance of residuals (reduced chisquare) = WSSR/ndf   : 437.633

Final set of parameters            Asymptotic Standard Error
=======================            ==========================

a               = 1e+09            +/- 7.858e+09    (785.8%)
b               = -4.51646         +/- 2.111        (46.75%)


correlation matrix of the fit parameters:

               a      b      
a               1.000 
b              -1.000  1.000 


*******************************************************************************
Mon Feb 20 22:53:07 2012


FIT:    data read from "network.histolinks.in.txt"
        format = z
	y range restricted to [40.0000 : 90.0000]
        #datapoints = 15
        residuals are weighted equally (unit weight)

function used for fitting: f(x)
fitted parameters initialized with current variable values



 Iteration 0
 WSSR        : 5596.48           delta(WSSR)/WSSR   : 0
 delta(WSSR) : 0                 limit for stopping : 1e-05
 lambda	  : 74.4969

initial set of free parameter values

a               = 1e+09
b               = -4.51646

After 2 iterations the fit converged.
final sum of squares of residuals : 5596.43
rel. change during last iteration : 0

degrees of freedom    (FIT_NDF)                        : 13
rms of residuals      (FIT_STDFIT) = sqrt(WSSR/ndf)    : 20.7484
variance of residuals (reduced chisquare) = WSSR/ndf   : 430.494

Final set of parameters            Asymptotic Standard Error
=======================            ==========================

a               = 1e+09            +/- 7.837e+09    (783.7%)
b               = -4.51706         +/- 2.106        (46.62%)


correlation matrix of the fit parameters:

               a      b      
a               1.000 
b              -1.000  1.000 


*******************************************************************************
Mon Feb 20 22:53:15 2012


FIT:    data read from "network.histolinks.in.txt"
        format = z
	y range restricted to [10.0000 : 100.000]
        #datapoints = 54
        residuals are weighted equally (unit weight)

function used for fitting: f(x)
fitted parameters initialized with current variable values



 Iteration 0
 WSSR        : 5.45135e+09       delta(WSSR)/WSSR   : 0
 delta(WSSR) : 0                 limit for stopping : 1e-05
 lambda	  : 16929.5

initial set of free parameter values

a               = 1e+09
b               = -4.51706

After 9 iterations the fit converged.
final sum of squares of residuals : 103325
rel. change during last iteration : -3.65674e-06

degrees of freedom    (FIT_NDF)                        : 52
rms of residuals      (FIT_STDFIT) = sqrt(WSSR/ndf)    : 44.576
variance of residuals (reduced chisquare) = WSSR/ndf   : 1987.02

Final set of parameters            Asymptotic Standard Error
=======================            ==========================

a               = 1e+09            +/- 5.575e+09    (557.5%)
b               = -6.91866         +/- 2.392        (34.58%)


correlation matrix of the fit parameters:

               a      b      
a               1.000 
b              -1.000  1.000 


*******************************************************************************
Mon Feb 20 22:53:42 2012


FIT:    data read from "network.histolinks.in.txt"
        format = z
	y range restricted to [10.0000 : 100.000]
        #datapoints = 54
        residuals are weighted equally (unit weight)

function used for fitting: f(x)
fitted parameters initialized with current variable values



 Iteration 0
 WSSR        : 164428            delta(WSSR)/WSSR   : 0
 delta(WSSR) : 0                 limit for stopping : 1e-05
 lambda	  : 6.1822e-08

initial set of free parameter values

a               = 1
b               = -6.91866

After 53 iterations the fit converged.
final sum of squares of residuals : 2357.98
rel. change during last iteration : -8.97896e-08

degrees of freedom    (FIT_NDF)                        : 52
rms of residuals      (FIT_STDFIT) = sqrt(WSSR/ndf)    : 6.73393
variance of residuals (reduced chisquare) = WSSR/ndf   : 45.3458

Final set of parameters            Asymptotic Standard Error
=======================            ==========================

a               = 226.43           +/- 19.82        (8.752%)
b               = -0.466612        +/- 0.02995      (6.418%)


correlation matrix of the fit parameters:

               a      b      
a               1.000 
b              -0.982  1.000 


*******************************************************************************
Mon Feb 20 22:53:53 2012


FIT:    data read from "network.histolinks.in.txt"
        format = z
	y range restricted to [10.0000 : 100.000]
        #datapoints = 54
        residuals are weighted equally (unit weight)

function used for fitting: f(x)
fitted parameters initialized with current variable values



 Iteration 0
 WSSR        : 164428            delta(WSSR)/WSSR   : 0
 delta(WSSR) : 0                 limit for stopping : 1e-05
 lambda	  : 5.345e-05

initial set of free parameter values

a               = 10
b               = -5

After 1 iterations the fit converged.
final sum of squares of residuals : 164427
rel. change during last iteration : -2.27714e-06

degrees of freedom    (FIT_NDF)                        : 52
rms of residuals      (FIT_STDFIT) = sqrt(WSSR/ndf)    : 56.2323
variance of residuals (reduced chisquare) = WSSR/ndf   : 3162.07

Final set of parameters            Asymptotic Standard Error
=======================            ==========================

a               = 10.0228          +/- 1.523e+07    (1.52e+08%)
b               = -4.44707         +/- 6.397e+05    (1.439e+07%)


correlation matrix of the fit parameters:

               a      b      
a               1.000 
b              -0.999  1.000 


*******************************************************************************
Mon Feb 20 22:54:01 2012


FIT:    data read from "network.histolinks.in.txt"
        format = z
	y range restricted to [10.0000 : 100.000]
        #datapoints = 54
        residuals are weighted equally (unit weight)

function used for fitting: f(x)
fitted parameters initialized with current variable values



 Iteration 0
 WSSR        : 164427            delta(WSSR)/WSSR   : 0
 delta(WSSR) : 0                 limit for stopping : 1e-05
 lambda	  : 0.000200822

initial set of free parameter values

a               = 10.0228
b               = -4.44707

After 1 iterations the fit converged.
final sum of squares of residuals : 164427
rel. change during last iteration : -1.39576e-06

degrees of freedom    (FIT_NDF)                        : 52
rms of residuals      (FIT_STDFIT) = sqrt(WSSR/ndf)    : 56.2322
variance of residuals (reduced chisquare) = WSSR/ndf   : 3162.06

Final set of parameters            Asymptotic Standard Error
=======================            ==========================

a               = 10.0291          +/- 1.037e+07    (1.034e+08%)
b               = -4.29453         +/- 4.347e+05    (1.012e+07%)


correlation matrix of the fit parameters:

               a      b      
a               1.000 
b              -0.999  1.000 


*******************************************************************************
Mon Feb 20 22:54:13 2012


FIT:    data read from "network.histolinks.in.txt"
        format = z
	y range restricted to [20.0000 : 100.000]
        #datapoints = 31
        residuals are weighted equally (unit weight)

function used for fitting: f(x)
fitted parameters initialized with current variable values



 Iteration 0
 WSSR        : 53254             delta(WSSR)/WSSR   : 0
 delta(WSSR) : 0                 limit for stopping : 1e-05
 lambda	  : 1.20656e-05

initial set of free parameter values

a               = 10.0291
b               = -4.29453

After 1 iterations the fit converged.
final sum of squares of residuals : 53253.6
rel. change during last iteration : -7.85141e-06

degrees of freedom    (FIT_NDF)                        : 29
rms of residuals      (FIT_STDFIT) = sqrt(WSSR/ndf)    : 42.8524
variance of residuals (reduced chisquare) = WSSR/ndf   : 1836.33

Final set of parameters            Asymptotic Standard Error
=======================            ==========================

a               = 10.0635          +/- 7.653e+06    (7.605e+07%)
b               = -3.16454         +/- 2.355e+05    (7.44e+06%)


correlation matrix of the fit parameters:

               a      b      
a               1.000 
b              -0.999  1.000 


*******************************************************************************
Mon Feb 20 22:54:14 2012


FIT:    data read from "network.histolinks.in.txt"
        format = z
	y range restricted to [10.0000 : 100.000]
        #datapoints = 54
        residuals are weighted equally (unit weight)

function used for fitting: f(x)
fitted parameters initialized with current variable values



 Iteration 0
 WSSR        : 164416            delta(WSSR)/WSSR   : 0
 delta(WSSR) : 0                 limit for stopping : 1e-05
 lambda	  : 0.00445222

initial set of free parameter values

a               = 10.0635
b               = -3.16454

After 50 iterations the fit converged.
final sum of squares of residuals : 2357.98
rel. change during last iteration : -9.36732e-09

degrees of freedom    (FIT_NDF)                        : 52
rms of residuals      (FIT_STDFIT) = sqrt(WSSR/ndf)    : 6.73393
variance of residuals (reduced chisquare) = WSSR/ndf   : 45.3458

Final set of parameters            Asymptotic Standard Error
=======================            ==========================

a               = 226.43           +/- 19.82        (8.752%)
b               = -0.466614        +/- 0.02995      (6.418%)


correlation matrix of the fit parameters:

               a      b      
a               1.000 
b              -0.982  1.000 


*******************************************************************************
Mon Feb 20 22:56:00 2012


FIT:    data read from "network.histolinks.in.txt"
        format = z
	y range restricted to [20.0000 : 250.000]
        #datapoints = 45
        residuals are weighted equally (unit weight)

function used for fitting: f(x)
fitted parameters initialized with current variable values



 Iteration 0
 WSSR        : 899.442           delta(WSSR)/WSSR   : 0
 delta(WSSR) : 0                 limit for stopping : 1e-05
 lambda	  : 96.7334

initial set of free parameter values

a               = 226.43
b               = -0.466614

After 7 iterations the fit converged.
final sum of squares of residuals : 529.679
rel. change during last iteration : -2.83312e-06

degrees of freedom    (FIT_NDF)                        : 43
rms of residuals      (FIT_STDFIT) = sqrt(WSSR/ndf)    : 3.50972
variance of residuals (reduced chisquare) = WSSR/ndf   : 12.3181

Final set of parameters            Asymptotic Standard Error
=======================            ==========================

a               = 381.036          +/- 40.33        (10.58%)
b               = -0.610194        +/- 0.02861      (4.688%)


correlation matrix of the fit parameters:

               a      b      
a               1.000 
b              -0.990  1.000 


*******************************************************************************
Mon Feb 20 22:58:08 2012


FIT:    data read from "< awk '$1>20&&$1<250'network.histolinks.in.txt"
        format = z
	y range restricted to [20.0000 : 250.000]
BREAK:          No data to fit 



*******************************************************************************
Mon Feb 20 22:58:15 2012


FIT:    data read from "< awk '$1>20&&$1<250' network.histolinks.in.txt"
        format = z
	y range restricted to [20.0000 : 250.000]
        #datapoints = 45
        residuals are weighted equally (unit weight)

function used for fitting: f(x)
fitted parameters initialized with current variable values



 Iteration 0
 WSSR        : 529.679           delta(WSSR)/WSSR   : 0
 delta(WSSR) : 0                 limit for stopping : 1e-05
 lambda	  : 93.2503

initial set of free parameter values

a               = 381.036
b               = -0.610194

After 1 iterations the fit converged.
final sum of squares of residuals : 529.679
rel. change during last iteration : -1.36138e-11

degrees of freedom    (FIT_NDF)                        : 43
rms of residuals      (FIT_STDFIT) = sqrt(WSSR/ndf)    : 3.50972
variance of residuals (reduced chisquare) = WSSR/ndf   : 12.3181

Final set of parameters            Asymptotic Standard Error
=======================            ==========================

a               = 381.036          +/- 40.33        (10.58%)
b               = -0.610194        +/- 0.02861      (4.688%)


correlation matrix of the fit parameters:

               a      b      
a               1.000 
b              -0.990  1.000 


*******************************************************************************
Mon Feb 20 22:58:22 2012


FIT:    data read from "< awk '$1>20&&$1<250' network.histolinks.in.txt"
        format = z
        #datapoints = 45
        residuals are weighted equally (unit weight)

function used for fitting: f(x)
fitted parameters initialized with current variable values



 Iteration 0
 WSSR        : 529.679           delta(WSSR)/WSSR   : 0
 delta(WSSR) : 0                 limit for stopping : 1e-05
 lambda	  : 93.2504

initial set of free parameter values

a               = 381.036
b               = -0.610194

After 1 iterations the fit converged.
final sum of squares of residuals : 529.679
rel. change during last iteration : -6.43901e-16

degrees of freedom    (FIT_NDF)                        : 43
rms of residuals      (FIT_STDFIT) = sqrt(WSSR/ndf)    : 3.50972
variance of residuals (reduced chisquare) = WSSR/ndf   : 12.3181

Final set of parameters            Asymptotic Standard Error
=======================            ==========================

a               = 381.036          +/- 40.33        (10.58%)
b               = -0.610194        +/- 0.02861      (4.688%)


correlation matrix of the fit parameters:

               a      b      
a               1.000 
b              -0.990  1.000 


*******************************************************************************
Mon Feb 20 22:58:39 2012


FIT:    data read from "network.histolinks.in.txt"
        format = z
	y range restricted to [20.0000 : 100.000]
        #datapoints = 31
        residuals are weighted equally (unit weight)

function used for fitting: f(x)
fitted parameters initialized with current variable values



 Iteration 0
 WSSR        : 353.718           delta(WSSR)/WSSR   : 0
 delta(WSSR) : 0                 limit for stopping : 1e-05
 lambda	  : 104.237

initial set of free parameter values

a               = 381.036
b               = -0.610194

After 2 iterations the fit converged.
final sum of squares of residuals : 353.442
rel. change during last iteration : -1.51221e-06

degrees of freedom    (FIT_NDF)                        : 29
rms of residuals      (FIT_STDFIT) = sqrt(WSSR/ndf)    : 3.49108
variance of residuals (reduced chisquare) = WSSR/ndf   : 12.1877

Final set of parameters            Asymptotic Standard Error
=======================            ==========================

a               = 381.034          +/- 58.56        (15.37%)
b               = -0.609555        +/- 0.04302      (7.058%)


correlation matrix of the fit parameters:

               a      b      
a               1.000 
b              -0.995  1.000 
